<?xml version="1.0" encoding="UTF-8"?>
<testsuite xmlns:xsi="http://www.w3.org/2001/XMLSchema-instance" xsi:noNamespaceSchemaLocation="https://maven.apache.org/surefire/maven-surefire-plugin/xsd/surefire-test-report.xsd" name="BaccaratDealerTest" time="0.132" tests="3" errors="0" skipped="0" failures="1">
  <properties>
[...]
</properties>
  <testcase name="test_deck_size" classname="BaccaratDealerTest" time="0.064"/>
  <testcase name="test_constructor_dealer" classname="BaccaratDealerTest" time="0.014"/>
  <testcase name="test_constructor_dealer_matching_deck" classname="BaccaratDealerTest" time="0.031">
    <failure message="Values not matching ==&gt; array contents differ at index [0], expected: &lt;0&gt; but was: &lt;1&gt;" type="org.opentest4j.AssertionFailedError"><![CDATA[org.opentest4j.AssertionFailedError: Values not matching ==> array contents differ at index [0], expected: <0> but was: <1>
	at BaccaratDealerTest.test_constructor_dealer_matching_deck(BaccaratDealerTest.java:109)
]]></failure>
    <system-out><![CDATA[Spades 0 11
Diamonds 0 11
Diamonds 0 13
Spades 2 2
Spades 9 9
Hearts 8 8
Hearts 0 13
Clubs 0 11
Hearts 1 1
Diamonds 6 6
Hearts 3 3
Spades 8 8
Hearts 6 6
Clubs 3 3
Hearts 7 7
Hearts 0 10
Diamonds 9 9
Diamonds 1 1
Clubs 0 13
Clubs 4 4
Hearts 4 4
Spades 0 10
Clubs 6 6
Hearts 0 11
Hearts 5 5
Spades 3 3
Hearts 2 2
Clubs 1 1
Diamonds 5 5
Clubs 0 12
Diamonds 2 2
Spades 1 1
Clubs 0 10
Diamonds 3 3
Spades 6 6
Spades 7 7
Spades 4 4
Diamonds 0 10
Diamonds 0 12
Hearts 9 9
Spades 0 13
Spades 5 5
Diamonds 7 7
Spades 0 12
Hearts 0 12
Clubs 9 9
Diamonds 4 4
Clubs 5 5
Clubs 7 7
Diamonds 8 8
Clubs 2 2
Clubs 8 8
Clubs 1 1
Diamonds 9 9
Hearts 4 4
Diamonds 2 2
Diamonds 0 10
Hearts 8 8
Hearts 2 2
Spades 4 4
Spades 0 12
Hearts 5 5
Clubs 0 10
Spades 3 3
Hearts 9 9
Hearts 6 6
Diamonds 0 13
Spades 8 8
Clubs 8 8
Clubs 6 6
Diamonds 3 3
Hearts 0 11
Diamonds 0 11
Hearts 0 10
Spades 9 9
Hearts 7 7
Clubs 0 13
Spades 0 10
Spades 5 5
Clubs 2 2
Spades 7 7
Diamonds 8 8
Diamonds 6 6
Hearts 0 13
Spades 6 6
Diamonds 5 5
Hearts 1 1
Clubs 5 5
Diamonds 7 7
Spades 0 13
Clubs 7 7
Clubs 0 11
Hearts 0 12
Clubs 4 4
Spades 2 2
Diamonds 1 1
Clubs 9 9
Spades 0 11
Diamonds 4 4
Spades 1 1
Hearts 3 3
Diamonds 0 12
Clubs 3 3
Clubs 0 12
]]></system-out>
  </testcase>
</testsuite>