<?xml version="1.0" encoding="UTF-8"?>
<testsuite xmlns:xsi="http://www.w3.org/2001/XMLSchema-instance" xsi:noNamespaceSchemaLocation="https://maven.apache.org/surefire/maven-surefire-plugin/xsd/surefire-test-report.xsd" name="BaccaratGameTest" time="0.002" tests="5" errors="0" skipped="0" failures="0">
  <properties>
[...]
</properties>
  <testcase name="evaluate_winnings_test_win_banker" classname="BaccaratGameTest" time="0"/>
  <testcase name="evaluate_winnings_test" classname="BaccaratGameTest" time="0"/>
  <testcase name="evaluate_winnings_test_win_player" classname="BaccaratGameTest" time="0"/>
  <testcase name="evaluate_winnings_test_win_draw" classname="BaccaratGameTest" time="0"/>
  <testcase name="constructor_test" classname="BaccaratGameTest" time="0.001"/>
</testsuite>